# JRE version: Java(TM) SE Runtime Environment (8.0_73-b02) (build 1.8.0_73-b02)
# Java VM: Java HotSpot(TM) 64-Bit Server VM (25.73-b02 mixed mode windows-amd64 compressed oops)
Heap:
 PSYoungGen      total 465920K, used 70467K [0x00000000d5580000, 0x0000000100000000, 0x0000000100000000)
  eden space 232960K, 21% used [0x00000000d5580000,0x00000000d86613c8,0x00000000e3900000)
  from space 232960K, 8% used [0x00000000f1c80000,0x00000000f306f8a0,0x0000000100000000)
  to   space 232960K, 0% used [0x00000000e3900000,0x00000000e3900000,0x00000000f1c80000)
 ParOldGen       total 974848K, used 670438K [0x0000000080000000, 0x00000000bb800000, 0x00000000d5580000)
  object space 974848K, 68% used [0x0000000080000000,0x00000000a8eb99b8,0x00000000bb800000)
 Metaspace       used 6608K, capacity 7320K, committed 7680K, reserved 1056768K
  class space    used 626K, capacity 656K, committed 768K, reserved 1048576K
GC Heap History (10 events):
Event: 30.345 GC heap before
{Heap before GC invocations=17 (full 2):
 PSYoungGen      total 431616K, used 431598K [0x00000000d5580000, 0x0000000100000000, 0x0000000100000000)
  eden space 232960K, 100% used [0x00000000d5580000,0x00000000e3900000,0x00000000e3900000)
  from space 198656K, 99% used [0x00000000f3e00000,0x00000000ffffb820,0x0000000100000000)
  to   space 232960K, 0% used [0x00000000e3900000,0x00000000e3900000,0x00000000f1c80000)
 ParOldGen       total 615936K, used 413112K [0x0000000080000000, 0x00000000a5980000, 0x00000000d5580000)
  object space 615936K, 67% used [0x0000000080000000,0x000000009936e138,0x00000000a5980000)
 Metaspace       used 6606K, capacity 7320K, committed 7680K, reserved 1056768K
  class space    used 626K, capacity 656K, committed 768K, reserved 1048576K
Event: 30.650 GC heap after
Heap after GC invocations=17 (full 2):
 PSYoungGen      total 465920K, used 175956K [0x00000000d5580000, 0x0000000100000000, 0x0000000100000000)
  eden space 232960K, 0% used [0x00000000d5580000,0x00000000d5580000,0x00000000e3900000)
  from space 232960K, 75% used [0x00000000e3900000,0x00000000ee4d5108,0x00000000f1c80000)
  to   space 232960K, 0% used [0x00000000f1c80000,0x00000000f1c80000,0x0000000100000000)
 ParOldGen       total 615936K, used 518703K [0x0000000080000000, 0x00000000a5980000, 0x00000000d5580000)
  object space 615936K, 84% used [0x0000000080000000,0x000000009fa8bfa0,0x00000000a5980000)
 Metaspace       used 6606K, capacity 7320K, committed 7680K, reserved 1056768K
  class space    used 626K, capacity 656K, committed 768K, reserved 1048576K
}
Event: 30.650 GC heap before
{Heap before GC invocations=18 (full 3):
 PSYoungGen      total 465920K, used 175956K [0x00000000d5580000, 0x0000000100000000, 0x0000000100000000)
  eden space 232960K, 0% used [0x00000000d5580000,0x00000000d5580000,0x00000000e3900000)
  from space 232960K, 75% used [0x00000000e3900000,0x00000000ee4d5108,0x00000000f1c80000)
  to   space 232960K, 0% used [0x00000000f1c80000,0x00000000f1c80000,0x0000000100000000)
 ParOldGen       total 615936K, used 518703K [0x0000000080000000, 0x00000000a5980000, 0x00000000d5580000)
  object space 615936K, 84% used [0x0000000080000000,0x000000009fa8bfa0,0x00000000a5980000)
 Metaspace       used 6606K, capacity 7320K, committed 7680K, reserved 1056768K
  class space    used 626K, capacity 656K, committed 768K, reserved 1048576K
Event: 34.217 GC heap after
Heap after GC invocations=18 (full 3):
 PSYoungGen      total 465920K, used 0K [0x00000000d5580000, 0x0000000100000000, 0x0000000100000000)
  eden space 232960K, 0% used [0x00000000d5580000,0x00000000d5580000,0x00000000e3900000)
  from space 232960K, 0% used [0x00000000e3900000,0x00000000e3900000,0x00000000f1c80000)
  to   space 232960K, 0% used [0x00000000f1c80000,0x00000000f1c80000,0x0000000100000000)
 ParOldGen       total 974848K, used 609271K [0x0000000080000000, 0x00000000bb800000, 0x00000000d5580000)
  object space 974848K, 62% used [0x0000000080000000,0x00000000a52fdd98,0x00000000bb800000)
 Metaspace       used 6606K, capacity 7320K, committed 7680K, reserved 1056768K
  class space    used 626K, capacity 656K, committed 768K, reserved 1048576K
}
Event: 34.970 GC heap before
{Heap before GC invocations=19 (full 3):
 PSYoungGen      total 465920K, used 232960K [0x00000000d5580000, 0x0000000100000000, 0x0000000100000000)
  eden space 232960K, 100% used [0x00000000d5580000,0x00000000e3900000,0x00000000e3900000)
  from space 232960K, 0% used [0x00000000e3900000,0x00000000e3900000,0x00000000f1c80000)
  to   space 232960K, 0% used [0x00000000f1c80000,0x00000000f1c80000,0x0000000100000000)
 ParOldGen       total 974848K, used 609271K [0x0000000080000000, 0x00000000bb800000, 0x00000000d5580000)
  object space 974848K, 62% used [0x0000000080000000,0x00000000a52fdd98,0x00000000bb800000)
 Metaspace       used 6606K, capacity 7320K, committed 7680K, reserved 1056768K
  class space    used 626K, capacity 656K, committed 768K, reserved 1048576K
Event: 35.048 GC heap after
Heap after GC invocations=19 (full 3):
 PSYoungGen      total 465920K, used 96834K [0x00000000d5580000, 0x0000000100000000, 0x0000000100000000)
  eden space 232960K, 0% used [0x00000000d5580000,0x00000000d5580000,0x00000000e3900000)
  from space 232960K, 41% used [0x00000000f1c80000,0x00000000f7b108a0,0x0000000100000000)
  to   space 232960K, 0% used [0x00000000e3900000,0x00000000e3900000,0x00000000f1c80000)
 ParOldGen       total 974848K, used 609271K [0x0000000080000000, 0x00000000bb800000, 0x00000000d5580000)
  object space 974848K, 62% used [0x0000000080000000,0x00000000a52fdd98,0x00000000bb800000)
 Metaspace       used 6606K, capacity 7320K, committed 7680K, reserved 1056768K
  class space    used 626K, capacity 656K, committed 768K, reserved 1048576K
}
Event: 35.777 GC heap before
{Heap before GC invocations=20 (full 3):
 PSYoungGen      total 465920K, used 329794K [0x00000000d5580000, 0x0000000100000000, 0x0000000100000000)
  eden space 232960K, 100% used [0x00000000d5580000,0x00000000e3900000,0x00000000e3900000)
  from space 232960K, 41% used [0x00000000f1c80000,0x00000000f7b108a0,0x0000000100000000)
  to   space 232960K, 0% used [0x00000000e3900000,0x00000000e3900000,0x00000000f1c80000)
 ParOldGen       total 974848K, used 609271K [0x0000000080000000, 0x00000000bb800000, 0x00000000d5580000)
  object space 974848K, 62% used [0x0000000080000000,0x00000000a52fdd98,0x00000000bb800000)
 Metaspace       used 6606K, capacity 7320K, committed 7680K, reserved 1056768K
  class space    used 626K, capacity 656K, committed 768K, reserved 1048576K
Event: 35.898 GC heap after
Heap after GC invocations=20 (full 3):
 PSYoungGen      total 465920K, used 50980K [0x00000000d5580000, 0x0000000100000000, 0x0000000100000000)
  eden space 232960K, 0% used [0x00000000d5580000,0x00000000d5580000,0x00000000e3900000)
  from space 232960K, 21% used [0x00000000e3900000,0x00000000e6ac9218,0x00000000f1c80000)
  to   space 232960K, 0% used [0x00000000f1c80000,0x00000000f1c80000,0x0000000100000000)
 ParOldGen       total 974848K, used 645604K [0x0000000080000000, 0x00000000bb800000, 0x00000000d5580000)
  object space 974848K, 66% used [0x0000000080000000,0x00000000a76791a0,0x00000000bb800000)
 Metaspace       used 6606K, capacity 7320K, committed 7680K, reserved 1056768K
  class space    used 626K, capacity 656K, committed 768K, reserved 1048576K
}
Event: 36.714 GC heap before
{Heap before GC invocations=21 (full 3):
 PSYoungGen      total 465920K, used 283940K [0x00000000d5580000, 0x0000000100000000, 0x0000000100000000)
  eden space 232960K, 100% used [0x00000000d5580000,0x00000000e3900000,0x00000000e3900000)
  from space 232960K, 21% used [0x00000000e3900000,0x00000000e6ac9218,0x00000000f1c80000)
  to   space 232960K, 0% used [0x00000000f1c80000,0x00000000f1c80000,0x0000000100000000)
 ParOldGen       total 974848K, used 645604K [0x0000000080000000, 0x00000000bb800000, 0x00000000d5580000)
  object space 974848K, 66% used [0x0000000080000000,0x00000000a76791a0,0x00000000bb800000)
 Metaspace       used 6606K, capacity 7320K, committed 7680K, reserved 1056768K
  class space    used 626K, capacity 656K, committed 768K, reserved 1048576K
Event: 36.778 GC heap after
Heap after GC invocations=21 (full 3):
 PSYoungGen      total 465920K, used 20414K [0x00000000d5580000, 0x0000000100000000, 0x0000000100000000)
  eden space 232960K, 0% used [0x00000000d5580000,0x00000000d5580000,0x00000000e3900000)
  from space 232960K, 8% used [0x00000000f1c80000,0x00000000f306f8a0,0x0000000100000000)
  to   space 232960K, 0% used [0x00000000e3900000,0x00000000e3900000,0x00000000f1c80000)
 ParOldGen       total 974848K, used 670438K [0x0000000080000000, 0x00000000bb800000, 0x00000000d5580000)
  object space 974848K, 68% used [0x0000000080000000,0x00000000a8eb99b8,0x00000000bb800000)
 Metaspace       used 6606K, capacity 7320K, committed 7680K, reserved 1056768K
  class space    used 626K, capacity 656K, committed 768K, reserved 1048576K
}

